c:\Users\max_chad\Music\transcriber\.venv\Lib\site-packages\torch\backends\__init__.py:46: UserWarning: Please use the new API settings to control TF32 behavior, such as torch.backends.cudnn.conv.fp32_precision = 'tf32' or torch.backends.cuda.matmul.fp32_precision = 'ieee'. Old settings, e.g, torch.backends.cuda.matmul.allow_tf32 = True, torch.backends.cudnn.allow_tf32 = True, allowTF32CuDNN() and allowTF32CuBLAS() will be deprecated after Pytorch 2.9. Please see https://pytorch.org/docs/main/notes/cuda.html#tensorfloat-32-tf32-on-ampere-and-later-devices (Triggered internally at C:\actions-runner\_work\pytorch\pytorch\pytorch\aten\src\ATen\Context.cpp:85.)
  self.setter(val)
.EEEEE
======================================================================
ERROR: test_get_optimal_compute_type_ada (tests.test_gpu_optimization.TestGPUOptimization.test_get_optimal_compute_type_ada)
----------------------------------------------------------------------
Traceback (most recent call last):
  File "C:\Users\max_chad\AppData\Local\Programs\Python\Python311\Lib\unittest\mock.py", line 1372, in patched
    with self.decoration_helper(patched,
  File "C:\Users\max_chad\AppData\Local\Programs\Python\Python311\Lib\contextlib.py", line 137, in __enter__
    return next(self.gen)
           ^^^^^^^^^^^^^^
  File "C:\Users\max_chad\AppData\Local\Programs\Python\Python311\Lib\unittest\mock.py", line 1354, in decoration_helper
    arg = exit_stack.enter_context(patching)
          ^^^^^^^^^^^^^^^^^^^^^^^^^^^^^^^^^^
  File "C:\Users\max_chad\AppData\Local\Programs\Python\Python311\Lib\contextlib.py", line 505, in enter_context
    result = _enter(cm)
             ^^^^^^^^^^
  File "C:\Users\max_chad\AppData\Local\Programs\Python\Python311\Lib\unittest\mock.py", line 1443, in __enter__
    original, local = self.get_original()
                      ^^^^^^^^^^^^^^^^^^^
  File "C:\Users\max_chad\AppData\Local\Programs\Python\Python311\Lib\unittest\mock.py", line 1416, in get_original
    raise AttributeError(
AttributeError: <module 'app.gpu_detection' from 'C:\\Users\\max_chad\\Music\\transcriber\\app\\gpu_detection.py'> does not have the attribute 'torch'

======================================================================
ERROR: test_get_optimal_compute_type_ampere (tests.test_gpu_optimization.TestGPUOptimization.test_get_optimal_compute_type_ampere)
----------------------------------------------------------------------
Traceback (most recent call last):
  File "C:\Users\max_chad\AppData\Local\Programs\Python\Python311\Lib\unittest\mock.py", line 1372, in patched
    with self.decoration_helper(patched,
  File "C:\Users\max_chad\AppData\Local\Programs\Python\Python311\Lib\contextlib.py", line 137, in __enter__
    return next(self.gen)
           ^^^^^^^^^^^^^^
  File "C:\Users\max_chad\AppData\Local\Programs\Python\Python311\Lib\unittest\mock.py", line 1354, in decoration_helper
    arg = exit_stack.enter_context(patching)
          ^^^^^^^^^^^^^^^^^^^^^^^^^^^^^^^^^^
  File "C:\Users\max_chad\AppData\Local\Programs\Python\Python311\Lib\contextlib.py", line 505, in enter_context
    result = _enter(cm)
             ^^^^^^^^^^
  File "C:\Users\max_chad\AppData\Local\Programs\Python\Python311\Lib\unittest\mock.py", line 1443, in __enter__
    original, local = self.get_original()
                      ^^^^^^^^^^^^^^^^^^^
  File "C:\Users\max_chad\AppData\Local\Programs\Python\Python311\Lib\unittest\mock.py", line 1416, in get_original
    raise AttributeError(
AttributeError: <module 'app.gpu_detection' from 'C:\\Users\\max_chad\\Music\\transcriber\\app\\gpu_detection.py'> does not have the attribute 'torch'

======================================================================
ERROR: test_get_optimal_compute_type_no_cuda (tests.test_gpu_optimization.TestGPUOptimization.test_get_optimal_compute_type_no_cuda)
----------------------------------------------------------------------
Traceback (most recent call last):
  File "C:\Users\max_chad\AppData\Local\Programs\Python\Python311\Lib\unittest\mock.py", line 1372, in patched
    with self.decoration_helper(patched,
  File "C:\Users\max_chad\AppData\Local\Programs\Python\Python311\Lib\contextlib.py", line 137, in __enter__
    return next(self.gen)
           ^^^^^^^^^^^^^^
  File "C:\Users\max_chad\AppData\Local\Programs\Python\Python311\Lib\unittest\mock.py", line 1354, in decoration_helper
    arg = exit_stack.enter_context(patching)
          ^^^^^^^^^^^^^^^^^^^^^^^^^^^^^^^^^^
  File "C:\Users\max_chad\AppData\Local\Programs\Python\Python311\Lib\contextlib.py", line 505, in enter_context
    result = _enter(cm)
             ^^^^^^^^^^
  File "C:\Users\max_chad\AppData\Local\Programs\Python\Python311\Lib\unittest\mock.py", line 1443, in __enter__
    original, local = self.get_original()
                      ^^^^^^^^^^^^^^^^^^^
  File "C:\Users\max_chad\AppData\Local\Programs\Python\Python311\Lib\unittest\mock.py", line 1416, in get_original
    raise AttributeError(
AttributeError: <module 'app.gpu_detection' from 'C:\\Users\\max_chad\\Music\\transcriber\\app\\gpu_detection.py'> does not have the attribute 'torch'

======================================================================
ERROR: test_get_optimal_compute_type_pascal (tests.test_gpu_optimization.TestGPUOptimization.test_get_optimal_compute_type_pascal)
----------------------------------------------------------------------
Traceback (most recent call last):
  File "C:\Users\max_chad\AppData\Local\Programs\Python\Python311\Lib\unittest\mock.py", line 1372, in patched
    with self.decoration_helper(patched,
  File "C:\Users\max_chad\AppData\Local\Programs\Python\Python311\Lib\contextlib.py", line 137, in __enter__
    return next(self.gen)
           ^^^^^^^^^^^^^^
  File "C:\Users\max_chad\AppData\Local\Programs\Python\Python311\Lib\unittest\mock.py", line 1354, in decoration_helper
    arg = exit_stack.enter_context(patching)
          ^^^^^^^^^^^^^^^^^^^^^^^^^^^^^^^^^^
  File "C:\Users\max_chad\AppData\Local\Programs\Python\Python311\Lib\contextlib.py", line 505, in enter_context
    result = _enter(cm)
             ^^^^^^^^^^
  File "C:\Users\max_chad\AppData\Local\Programs\Python\Python311\Lib\unittest\mock.py", line 1443, in __enter__
    original, local = self.get_original()
                      ^^^^^^^^^^^^^^^^^^^
  File "C:\Users\max_chad\AppData\Local\Programs\Python\Python311\Lib\unittest\mock.py", line 1416, in get_original
    raise AttributeError(
AttributeError: <module 'app.gpu_detection' from 'C:\\Users\\max_chad\\Music\\transcriber\\app\\gpu_detection.py'> does not have the attribute 'torch'

======================================================================
ERROR: test_get_optimal_compute_type_turing (tests.test_gpu_optimization.TestGPUOptimization.test_get_optimal_compute_type_turing)
----------------------------------------------------------------------
Traceback (most recent call last):
  File "C:\Users\max_chad\AppData\Local\Programs\Python\Python311\Lib\unittest\mock.py", line 1372, in patched
    with self.decoration_helper(patched,
  File "C:\Users\max_chad\AppData\Local\Programs\Python\Python311\Lib\contextlib.py", line 137, in __enter__
    return next(self.gen)
           ^^^^^^^^^^^^^^
  File "C:\Users\max_chad\AppData\Local\Programs\Python\Python311\Lib\unittest\mock.py", line 1354, in decoration_helper
    arg = exit_stack.enter_context(patching)
          ^^^^^^^^^^^^^^^^^^^^^^^^^^^^^^^^^^
  File "C:\Users\max_chad\AppData\Local\Programs\Python\Python311\Lib\contextlib.py", line 505, in enter_context
    result = _enter(cm)
             ^^^^^^^^^^
  File "C:\Users\max_chad\AppData\Local\Programs\Python\Python311\Lib\unittest\mock.py", line 1443, in __enter__
    original, local = self.get_original()
                      ^^^^^^^^^^^^^^^^^^^
  File "C:\Users\max_chad\AppData\Local\Programs\Python\Python311\Lib\unittest\mock.py", line 1416, in get_original
    raise AttributeError(
AttributeError: <module 'app.gpu_detection' from 'C:\\Users\\max_chad\\Music\\transcriber\\app\\gpu_detection.py'> does not have the attribute 'torch'

----------------------------------------------------------------------
Ran 6 tests in 0.115s

FAILED (errors=5)
